sprintf(gmrc_buffer, 
    "GPRMC,
    %02d%02d%02d,               <---- hhmmss
    A,
    %s,                         <---- 25.04776
    N,
    %s,                         <---- 121.53185
    E,
    022.4,
    084.4,
    %02d%02d%02d,               <---- ddmmyy
    ,
    A",                        <---- A XX

    hh, mm, ss, "25.04776", "121.53185", day, month, year);

$GPRMC,hhmmss,A,25.04776,N,121.53185,E,022.4,084.4,ddmmyy,,A XX

void SendHex(uart_inst_t uart, uint8_t crc) {
    char high = (crc >> 4) & 0x0F;
    char low = crc & 0x0F;
    high = (high < 10) ? ('0' + high) : ('A' + high - 10);
    low = (low < 10) ? ('0' + low) : ('A' + low - 10);
    uart_putc(uart, high);
    uart_putc(uart, low);
    uart_puts(uart, "\n");
}

主函数：
sprintf(gmrc_buffer, "GPRMC,%02d%02d%02d,A,%s,N,%s,E,022.4,084.4,%02d%02d%02d,,A", hh, mm, ss, "25.04776", "121.53185", day, month, year);
uart_puts(uart, "$");
uart_puts(uart, gmrc_buffer);
uart_puts(uart, "");
byte crc = 0;
for (byte x = 0; x < strlen(gmrc_buffer); x++) {
    crc = crc ^ gmrc_buffer[x];
}
SendHex(uart, crc);

65 bytes: 24 47 50 52 4d 43 2c 30 30 30 30 31 32 2c 41 2c 32 35 2e 30 34 37 37 36 2c 4e 2c 31 32 31 2e 35 33 31 38 35 2c 45 2c 30 32 32 2e 34 2c 30 38 34 2e 34 2c 30 31 30 31 2d 33 30 2c 2c 41 2a 37 30 0a
65 bytes: 24 47 50 52 4d 43 2c 30 30 30 30 31 33 2c 41 2c 32 35 2e 30 34 37 37 36 2c 4e 2c 31 32 31 2e 35 33 31 38 35 2c 45 2c 30 32 32 2e 34 2c 30 38 34 2e 34 2c 30 31 30 31 2d 33 30 2c 2c 41 2a 37 31 0a
65 bytes: 24 47 50 52 4d 43 2c 30 30 30 30 31 34 2c 41 2c 32 35 2e 30 34 37 37 36 2c 4e 2c 31 32 31 2e 35 33 31 38 35 2c 45 2c 30 32 32 2e 34 2c 30 38 34 2e 34 2c 30 31 30 31 2d 33 30 2c 2c 41 2a 37 36 0a
65 bytes: 24 47 50 52 4d 43 2c 30 30 30 30 31 35 2c 41 2c 32 35 2e 30 34 37 37 36 2c 4e 2c 31 32 31 2e 35 33 31 38 35 2c 45 2c 30 32 32 2e 34 2c 30 38 34 2e 34 2c 30 31 30 31 2d 33 30 2c 2c 41 2a 37 37 0a
65 bytes: 24 47 50 52 4d 43 2c 30 30 30 30 31 36 2c 41 2c 32 35 2e 30 34 37 37 36 2c 4e 2c 31 32 31 2e 35 33 31 38 35 2c 45 2c 30 32 32 2e 34 2c 30 38 34 2e 34 2c 30 31 30 31 2d 33 30 2c 2c 41 2a 37 34 0a
65 bytes: 24 47 50 52 4d 43 2c 30 30 30 30 31 37 2c 41 2c 32 35 2e 30 34 37 37 36 2c 4e 2c 31 32 31 2e 35 33 31 38 35 2c 45 2c 30 32 32 2e 34 2c 30 38 34 2e 34 2c 30 31 30 31 2d 33 30 2c 2c 41 2a 37 35 0a
65 bytes: 24 47 50 52 4d 43 2c 30 30 30 30 31 38 2c 41 2c 32 35 2e 30 34 37 37 36 2c 4e 2c 31 32 31 2e 35 33 31 38 35 2c 45 2c 30 32 32 2e 34 2c 30 38 34 2e 34 2c 30 31 30 31 2d 33 30 2c 2c 41 2a 37 41 0a
65 bytes: 24 47 50 52 4d 43 2c 30 30 30 30 31 39 2c 41 2c 32 35 2e 30 34 37 37 36 2c 4e 2c 31 32 31 2e 35 33 31 38 35 2c 45 2c 30 32 32 2e 34 2c 30 38 34 2e 34 2c 30 31 30 31 2d 33 30 2c 2c 41 2a 37 42 0a